<?xml version="1.0" encoding="UTF-8"?>
<testng-results ignored="0" total="1" passed="1" failed="0" skipped="0">
  <reporter-output>
  </reporter-output>
  <suite started-at="2026-04-08T15:15:02 BDT" name="Command line suite" finished-at="2026-04-08T15:15:19 BDT" duration-ms="16768">
    <groups>
    </groups>
    <test started-at="2026-04-08T15:15:02 BDT" name="Command line test" finished-at="2026-04-08T15:15:19 BDT" duration-ms="16768">
      <class name="testPackageTestOperationCheck.seleniumtest1">
        <test-method is-config="true" signature="setup()[pri:0, instance:testPackageTestOperationCheck.seleniumtest1@67205a84]" started-at="2026-04-08T15:15:02 BDT" name="setup" finished-at="2026-04-08T15:15:05 BDT" duration-ms="2519" status="PASS">
          <reporter-output>
          </reporter-output>
        </test-method> <!-- setup -->
        <test-method signature="testPatientTestOperation()[pri:0, instance:testPackageTestOperationCheck.seleniumtest1@67205a84]" started-at="2026-04-08T15:15:05 BDT" name="testPatientTestOperation" finished-at="2026-04-08T15:15:19 BDT" duration-ms="13760" status="PASS">
          <reporter-output>
          </reporter-output>
        </test-method> <!-- testPatientTestOperation -->
        <test-method is-config="true" signature="tearDown()[pri:0, instance:testPackageTestOperationCheck.seleniumtest1@67205a84]" started-at="2026-04-08T15:15:19 BDT" name="tearDown" finished-at="2026-04-08T15:15:19 BDT" duration-ms="413" status="PASS">
          <reporter-output>
          </reporter-output>
        </test-method> <!-- tearDown -->
      </class> <!-- testPackageTestOperationCheck.seleniumtest1 -->
    </test> <!-- Command line test -->
  </suite> <!-- Command line suite -->
</testng-results>
